<?xml version="1.0" encoding="UTF-8"?>
<testng-results total="1" passed="1" failed="0" skipped="0">
  <reporter-output>
  </reporter-output>
  <suite started-at="2023-06-25T14:14:43Z" name="Suite" finished-at="2023-06-25T14:14:45Z" duration-ms="1716">
    <groups>
    </groups>
    <test started-at="2023-06-25T14:14:43Z" name="Test" finished-at="2023-06-25T14:14:45Z" duration-ms="1716">
      <class name="com.pack.mod2.mod2">
        <test-method signature="deleteBook_delete()[pri:10, instance:com.pack.mod2.mod2@278bb07e]" started-at="2023-06-25T19:44:43Z" name="deleteBook_delete" description="TC0010" finished-at="2023-06-25T19:44:45Z" duration-ms="1578" status="PASS">
          <reporter-output>
          </reporter-output>
        </test-method> <!-- deleteBook_delete -->
      </class> <!-- com.pack.mod2.mod2 -->
      <class name="com.pack.main.AutoMain">
        <test-method is-config="true" signature="setup()[pri:0, instance:com.pack.main.AutoMain@246f8b8b]" started-at="2023-06-25T19:44:43Z" name="setup" finished-at="2023-06-25T19:44:43Z" duration-ms="117" status="PASS">
          <reporter-output>
          </reporter-output>
        </test-method> <!-- setup -->
        <test-method is-config="true" signature="tearDown()[pri:0, instance:com.pack.main.AutoMain@246f8b8b]" started-at="2023-06-25T19:44:45Z" name="tearDown" finished-at="2023-06-25T19:44:45Z" duration-ms="0" status="FAIL">
          <exception class="java.lang.NullPointerException">
            <message>
              <![CDATA[Cannot invoke "org.openqa.selenium.WebDriver.quit()" because "com.pack.main.AutoMain.driver" is null]]>
            </message>
            <full-stacktrace>
              <![CDATA[java.lang.NullPointerException: Cannot invoke "org.openqa.selenium.WebDriver.quit()" because "com.pack.main.AutoMain.driver" is null
	at com.pack.main.AutoMain.tearDown(AutoMain.java:115)
	at java.base/jdk.internal.reflect.DirectMethodHandleAccessor.invoke(DirectMethodHandleAccessor.java:104)
	at java.base/java.lang.reflect.Method.invoke(Method.java:577)
	at org.testng.internal.MethodInvocationHelper.invokeMethod(MethodInvocationHelper.java:85)
	at org.testng.internal.Invoker.invokeConfigurationMethod(Invoker.java:510)
	at org.testng.internal.Invoker.invokeConfigurations(Invoker.java:211)
	at org.testng.internal.Invoker.invokeConfigurations(Invoker.java:138)
	at org.testng.SuiteRunner.privateRun(SuiteRunner.java:329)
	at org.testng.SuiteRunner.run(SuiteRunner.java:261)
	at org.testng.SuiteRunnerWorker.runSuite(SuiteRunnerWorker.java:52)
	at org.testng.SuiteRunnerWorker.run(SuiteRunnerWorker.java:86)
	at org.testng.TestNG.runSuitesSequentially(TestNG.java:1191)
	at org.testng.TestNG.runSuitesLocally(TestNG.java:1116)
	at org.testng.TestNG.run(TestNG.java:1024)
	at org.testng.remote.AbstractRemoteTestNG.run(AbstractRemoteTestNG.java:115)
	at org.testng.remote.RemoteTestNG.initAndRun(RemoteTestNG.java:251)
	at org.testng.remote.RemoteTestNG.main(RemoteTestNG.java:77)
]]>
            </full-stacktrace>
          </exception> <!-- java.lang.NullPointerException -->
          <reporter-output>
          </reporter-output>
        </test-method> <!-- tearDown -->
      </class> <!-- com.pack.main.AutoMain -->
    </test> <!-- Test -->
  </suite> <!-- Suite -->
</testng-results>
