<?xml version="1.0" encoding="UTF-8"?>
<!-- Generated by org.testng.reporters.JUnitXMLReporter -->
<testsuite hostname="DESKTOP-KTP2O60" failures="1" tests="1" name="Test" time="0.165" errors="0" timestamp="6 Aug 2023 06:46:56 GMT">
  <testcase classname="com.pack.mod2.mod2" name="createBookDetails_httpPost" time="0.018">
    <failure type="java.lang.NullPointerException" message="Cannot invoke &amp;quot;com.aventstack.extentreports.ExtentReports.createTest(String)&amp;quot; because &amp;quot;com.pack.main.AutoMain.extentReports&amp;quot; is null">
      <![CDATA[java.lang.NullPointerException: Cannot invoke "com.aventstack.extentreports.ExtentReports.createTest(String)" because "com.pack.main.AutoMain.extentReports" is null
	at com.pack.mod2.mod2.createBookDetails_httpPost(mod2.java:195)
... Removed 22 stack frames]]>
    </failure>
  </testcase> <!-- createBookDetails_httpPost -->
</testsuite> <!-- Test -->
